This file contains any messages produced by compilers while
running configure, to aid debugging if configure makes a mistake.

It was created by zookeeper C client configure 3.4.12, which was
generated by GNU Autoconf 2.69.  Invocation command line was

  $ ./configure 

## --------- ##
## Platform. ##
## --------- ##

hostname = yangtao
uname -m = x86_64
uname -r = 4.4.0-124-generic
uname -s = Linux
uname -v = #148-Ubuntu SMP Wed May 2 13:00:18 UTC 2018

/usr/bin/uname -p = unknown
/bin/uname -X     = unknown

/bin/arch              = unknown
/usr/bin/arch -k       = unknown
/usr/convex/getsysinfo = unknown
/usr/bin/hostinfo      = unknown
/bin/machine           = unknown
/usr/bin/oslevel       = unknown
/bin/universe          = unknown

PATH: /home/yangtao/xiaomi/goproject/.godeps/bin
PATH: /home/yangtao/software/istio/istio-0.7.1/bin
PATH: /home/yangtao/software/jdk-9.0.4/bin
PATH: /home/yangtao/software/go/bin
PATH: /home/yangtao/download/clion-2017.3.4/bin
PATH: /home/yangtao/download/PhpStorm-173.4674.45/bin
PATH: /home/yangtao/download/RubyMine-2017.3.3/bin
PATH: /home/yangtao/download/GoLand-2017.3.3/bin
PATH: /home/yangtao/download/idea-IU-173.4674.33/bin
PATH: /home/yangtao/download/pycharm-2017.3.4/bin
PATH: /home/yangtao/download/WebStorm-173.4674.32/bin
PATH: /usr/local/sbin
PATH: /usr/local/bin
PATH: /usr/sbin
PATH: /usr/bin
PATH: /sbin
PATH: /bin
PATH: /usr/games
PATH: /usr/local/games
PATH: /snap/bin


## ----------- ##
## Core tests. ##
## ----------- ##

configure:2616: checking for doxygen
configure:2649: result: no
configure:2722: checking for perl
configure:2740: found /usr/bin/perl
configure:2752: result: /usr/bin/perl
configure:2894: checking for dot
configure:2927: result: no
configure:4481: checking for a BSD-compatible install
configure:4549: result: /usr/bin/install -c
configure:4560: checking whether build environment is sane
configure:4615: result: yes
configure:4766: checking for a thread-safe mkdir -p
configure:4805: result: /bin/mkdir -p
configure:4812: checking for gawk
configure:4842: result: no
configure:4812: checking for mawk
configure:4828: found /usr/bin/mawk
configure:4839: result: mawk
configure:4850: checking whether make sets $(MAKE)
configure:4872: result: yes
configure:4901: checking whether make supports nested variables
configure:4918: result: yes
configure:5094: checking for cppunit-config
configure:5125: result: no
configure:5135: checking for Cppunit - version >= 1.10.2
configure:5139: result: no
configure:5207: checking for generated/zookeeper.jute.c
configure:5220: result: yes
configure:5232: checking for generated/zookeeper.jute.h
configure:5245: result: yes
configure:5309: checking for gcc
configure:5325: found /usr/bin/gcc
configure:5336: result: gcc
configure:5565: checking for C compiler version
configure:5574: gcc --version >&5
gcc (Ubuntu 5.4.0-6ubuntu1~16.04.9) 5.4.0 20160609
Copyright (C) 2015 Free Software Foundation, Inc.
This is free software; see the source for copying conditions.  There is NO
warranty; not even for MERCHANTABILITY or FITNESS FOR A PARTICULAR PURPOSE.

configure:5585: $? = 0
configure:5574: gcc -v >&5
Using built-in specs.
COLLECT_GCC=gcc
COLLECT_LTO_WRAPPER=/usr/lib/gcc/x86_64-linux-gnu/5/lto-wrapper
Target: x86_64-linux-gnu
Configured with: ../src/configure -v --with-pkgversion='Ubuntu 5.4.0-6ubuntu1~16.04.9' --with-bugurl=file:///usr/share/doc/gcc-5/README.Bugs --enable-languages=c,ada,c++,java,go,d,fortran,objc,obj-c++ --prefix=/usr --program-suffix=-5 --enable-shared --enable-linker-build-id --libexecdir=/usr/lib --without-included-gettext --enable-threads=posix --libdir=/usr/lib --enable-nls --with-sysroot=/ --enable-clocale=gnu --enable-libstdcxx-debug --enable-libstdcxx-time=yes --with-default-libstdcxx-abi=new --enable-gnu-unique-object --disable-vtable-verify --enable-libmpx --enable-plugin --with-system-zlib --disable-browser-plugin --enable-java-awt=gtk --enable-gtk-cairo --with-java-home=/usr/lib/jvm/java-1.5.0-gcj-5-amd64/jre --enable-java-home --with-jvm-root-dir=/usr/lib/jvm/java-1.5.0-gcj-5-amd64 --with-jvm-jar-dir=/usr/lib/jvm-exports/java-1.5.0-gcj-5-amd64 --with-arch-directory=amd64 --with-ecj-jar=/usr/share/java/eclipse-ecj.jar --enable-objc-gc --enable-multiarch --disable-werror --with-arch-32=i686 --with-abi=m64 --with-multilib-list=m32,m64,mx32 --enable-multilib --with-tune=generic --enable-checking=release --build=x86_64-linux-gnu --host=x86_64-linux-gnu --target=x86_64-linux-gnu
Thread model: posix
gcc version 5.4.0 20160609 (Ubuntu 5.4.0-6ubuntu1~16.04.9) 
configure:5585: $? = 0
configure:5574: gcc -V >&5
gcc: error: unrecognized command line option '-V'
gcc: fatal error: no input files
compilation terminated.
configure:5585: $? = 1
configure:5574: gcc -qversion >&5
gcc: error: unrecognized command line option '-qversion'
gcc: fatal error: no input files
compilation terminated.
configure:5585: $? = 1
configure:5605: checking whether the C compiler works
configure:5627: gcc    conftest.c  >&5
configure:5631: $? = 0
configure:5679: result: yes
configure:5682: checking for C compiler default output file name
configure:5684: result: a.out
configure:5690: checking for suffix of executables
configure:5697: gcc -o conftest    conftest.c  >&5
configure:5701: $? = 0
configure:5723: result: 
configure:5745: checking whether we are cross compiling
configure:5753: gcc -o conftest    conftest.c  >&5
configure:5757: $? = 0
configure:5764: ./conftest
configure:5768: $? = 0
configure:5783: result: no
configure:5788: checking for suffix of object files
configure:5810: gcc -c   conftest.c >&5
configure:5814: $? = 0
configure:5835: result: o
configure:5839: checking whether we are using the GNU C compiler
configure:5858: gcc -c   conftest.c >&5
configure:5858: $? = 0
configure:5867: result: yes
configure:5876: checking whether gcc accepts -g
configure:5896: gcc -c -g  conftest.c >&5
configure:5896: $? = 0
configure:5937: result: yes
configure:5954: checking for gcc option to accept ISO C89
configure:6017: gcc  -c -g -O2  conftest.c >&5
configure:6017: $? = 0
configure:6030: result: none needed
configure:6055: checking whether gcc understands -c and -o together
configure:6077: gcc -c conftest.c -o conftest2.o
configure:6080: $? = 0
configure:6077: gcc -c conftest.c -o conftest2.o
configure:6080: $? = 0
configure:6092: result: yes
configure:6120: checking for style of include used by make
configure:6148: result: GNU
configure:6174: checking dependency style of gcc
configure:6285: result: gcc3
configure:6359: checking for g++
configure:6375: found /usr/bin/g++
configure:6386: result: g++
configure:6413: checking for C++ compiler version
configure:6422: g++ --version >&5
g++ (Ubuntu 5.4.0-6ubuntu1~16.04.9) 5.4.0 20160609
Copyright (C) 2015 Free Software Foundation, Inc.
This is free software; see the source for copying conditions.  There is NO
warranty; not even for MERCHANTABILITY or FITNESS FOR A PARTICULAR PURPOSE.

configure:6433: $? = 0
configure:6422: g++ -v >&5
Using built-in specs.
COLLECT_GCC=g++
COLLECT_LTO_WRAPPER=/usr/lib/gcc/x86_64-linux-gnu/5/lto-wrapper
Target: x86_64-linux-gnu
Configured with: ../src/configure -v --with-pkgversion='Ubuntu 5.4.0-6ubuntu1~16.04.9' --with-bugurl=file:///usr/share/doc/gcc-5/README.Bugs --enable-languages=c,ada,c++,java,go,d,fortran,objc,obj-c++ --prefix=/usr --program-suffix=-5 --enable-shared --enable-linker-build-id --libexecdir=/usr/lib --without-included-gettext --enable-threads=posix --libdir=/usr/lib --enable-nls --with-sysroot=/ --enable-clocale=gnu --enable-libstdcxx-debug --enable-libstdcxx-time=yes --with-default-libstdcxx-abi=new --enable-gnu-unique-object --disable-vtable-verify --enable-libmpx --enable-plugin --with-system-zlib --disable-browser-plugin --enable-java-awt=gtk --enable-gtk-cairo --with-java-home=/usr/lib/jvm/java-1.5.0-gcj-5-amd64/jre --enable-java-home --with-jvm-root-dir=/usr/lib/jvm/java-1.5.0-gcj-5-amd64 --with-jvm-jar-dir=/usr/lib/jvm-exports/java-1.5.0-gcj-5-amd64 --with-arch-directory=amd64 --with-ecj-jar=/usr/share/java/eclipse-ecj.jar --enable-objc-gc --enable-multiarch --disable-werror --with-arch-32=i686 --with-abi=m64 --with-multilib-list=m32,m64,mx32 --enable-multilib --with-tune=generic --enable-checking=release --build=x86_64-linux-gnu --host=x86_64-linux-gnu --target=x86_64-linux-gnu
Thread model: posix
gcc version 5.4.0 20160609 (Ubuntu 5.4.0-6ubuntu1~16.04.9) 
configure:6433: $? = 0
configure:6422: g++ -V >&5
g++: error: unrecognized command line option '-V'
g++: fatal error: no input files
compilation terminated.
configure:6433: $? = 1
configure:6422: g++ -qversion >&5
g++: error: unrecognized command line option '-qversion'
g++: fatal error: no input files
compilation terminated.
configure:6433: $? = 1
configure:6437: checking whether we are using the GNU C++ compiler
configure:6456: g++ -c   conftest.cpp >&5
configure:6456: $? = 0
configure:6465: result: yes
configure:6474: checking whether g++ accepts -g
configure:6494: g++ -c -g  conftest.cpp >&5
configure:6494: $? = 0
configure:6535: result: yes
configure:6560: checking dependency style of g++
configure:6671: result: gcc3
configure:6687: checking whether ln -s works
configure:6691: result: yes
configure:6729: checking build system type
configure:6743: result: x86_64-pc-linux-gnu
configure:6763: checking host system type
configure:6776: result: x86_64-pc-linux-gnu
configure:6817: checking how to print strings
configure:6844: result: printf
configure:6865: checking for a sed that does not truncate output
configure:6929: result: /bin/sed
configure:6947: checking for grep that handles long lines and -e
configure:7005: result: /bin/grep
configure:7010: checking for egrep
configure:7072: result: /bin/grep -E
configure:7077: checking for fgrep
configure:7139: result: /bin/grep -F
configure:7174: checking for ld used by gcc
configure:7241: result: /usr/bin/ld
configure:7248: checking if the linker (/usr/bin/ld) is GNU ld
configure:7263: result: yes
configure:7275: checking for BSD- or MS-compatible name lister (nm)
configure:7329: result: /usr/bin/nm -B
configure:7459: checking the name lister (/usr/bin/nm -B) interface
configure:7466: gcc -c -g -O2  conftest.c >&5
configure:7469: /usr/bin/nm -B "conftest.o"
configure:7472: output
0000000000000000 B some_variable
configure:7479: result: BSD nm
configure:7483: checking the maximum length of command line arguments
configure:7614: result: 1572864
configure:7662: checking how to convert x86_64-pc-linux-gnu file names to x86_64-pc-linux-gnu format
configure:7702: result: func_convert_file_noop
configure:7709: checking how to convert x86_64-pc-linux-gnu file names to toolchain format
configure:7729: result: func_convert_file_noop
configure:7736: checking for /usr/bin/ld option to reload object files
configure:7743: result: -r
configure:7817: checking for objdump
configure:7833: found /usr/bin/objdump
configure:7844: result: objdump
configure:7876: checking how to recognize dependent libraries
configure:8076: result: pass_all
configure:8161: checking for dlltool
configure:8191: result: no
configure:8221: checking how to associate runtime and link libraries
configure:8248: result: printf %s\n
configure:8309: checking for ar
configure:8325: found /usr/bin/ar
configure:8336: result: ar
configure:8373: checking for archiver @FILE support
configure:8390: gcc -c -g -O2  conftest.c >&5
configure:8390: $? = 0
configure:8393: ar cru libconftest.a @conftest.lst >&5
ar: `u' modifier ignored since `D' is the default (see `U')
configure:8396: $? = 0
configure:8401: ar cru libconftest.a @conftest.lst >&5
ar: `u' modifier ignored since `D' is the default (see `U')
ar: conftest.o: No such file or directory
configure:8404: $? = 1
configure:8416: result: @
configure:8474: checking for strip
configure:8490: found /usr/bin/strip
configure:8501: result: strip
configure:8573: checking for ranlib
configure:8589: found /usr/bin/ranlib
configure:8600: result: ranlib
configure:8702: checking command to parse /usr/bin/nm -B output from gcc object
configure:8855: gcc -c -g -O2  conftest.c >&5
configure:8858: $? = 0
configure:8862: /usr/bin/nm -B conftest.o \| sed -n -e 's/^.*[ ]\([ABCDGIRSTW][ABCDGIRSTW]*\)[ ][ ]*\([_A-Za-z][_A-Za-z0-9]*\)$/\1 \2 \2/p' | sed '/ __gnu_lto/d' \> conftest.nm
configure:8865: $? = 0
configure:8931: gcc -o conftest -g -O2   conftest.c conftstm.o >&5
configure:8934: $? = 0
configure:8972: result: ok
configure:9019: checking for sysroot
configure:9049: result: no
configure:9056: checking for a working dd
configure:9094: result: /bin/dd
configure:9098: checking how to truncate binary pipes
configure:9113: result: /bin/dd bs=4096 count=1
configure:9249: gcc -c -g -O2  conftest.c >&5
configure:9252: $? = 0
configure:9442: checking for mt
configure:9458: found /bin/mt
configure:9469: result: mt
configure:9492: checking if mt is a manifest tool
configure:9498: mt '-?'
configure:9506: result: no
configure:10183: checking how to run the C preprocessor
configure:10214: gcc -E  conftest.c
configure:10214: $? = 0
configure:10228: gcc -E  conftest.c
conftest.c:13:28: fatal error: ac_nonexistent.h: No such file or directory
compilation terminated.
configure:10228: $? = 1
configure: failed program was:
| /* confdefs.h */
| #define PACKAGE_NAME "zookeeper C client"
| #define PACKAGE_TARNAME "zookeeper"
| #define PACKAGE_VERSION "3.4.12"
| #define PACKAGE_STRING "zookeeper C client 3.4.12"
| #define PACKAGE_BUGREPORT "user@zookeeper.apache.org"
| #define PACKAGE_URL ""
| #define PACKAGE "zookeeper"
| #define VERSION "3.4.12"
| #define HAVE_GENERATED_ZOOKEEPER_JUTE_C 1
| #define HAVE_GENERATED_ZOOKEEPER_JUTE_H 1
| /* end confdefs.h.  */
| #include <ac_nonexistent.h>
configure:10253: result: gcc -E
configure:10273: gcc -E  conftest.c
configure:10273: $? = 0
configure:10287: gcc -E  conftest.c
conftest.c:13:28: fatal error: ac_nonexistent.h: No such file or directory
compilation terminated.
configure:10287: $? = 1
configure: failed program was:
| /* confdefs.h */
| #define PACKAGE_NAME "zookeeper C client"
| #define PACKAGE_TARNAME "zookeeper"
| #define PACKAGE_VERSION "3.4.12"
| #define PACKAGE_STRING "zookeeper C client 3.4.12"
| #define PACKAGE_BUGREPORT "user@zookeeper.apache.org"
| #define PACKAGE_URL ""
| #define PACKAGE "zookeeper"
| #define VERSION "3.4.12"
| #define HAVE_GENERATED_ZOOKEEPER_JUTE_C 1
| #define HAVE_GENERATED_ZOOKEEPER_JUTE_H 1
| /* end confdefs.h.  */
| #include <ac_nonexistent.h>
configure:10316: checking for ANSI C header files
configure:10336: gcc -c -g -O2  conftest.c >&5
configure:10336: $? = 0
configure:10409: gcc -o conftest -g -O2   conftest.c  >&5
configure:10409: $? = 0
configure:10409: ./conftest
configure:10409: $? = 0
configure:10420: result: yes
configure:10433: checking for sys/types.h
configure:10433: gcc -c -g -O2  conftest.c >&5
configure:10433: $? = 0
configure:10433: result: yes
configure:10433: checking for sys/stat.h
configure:10433: gcc -c -g -O2  conftest.c >&5
configure:10433: $? = 0
configure:10433: result: yes
configure:10433: checking for stdlib.h
configure:10433: gcc -c -g -O2  conftest.c >&5
configure:10433: $? = 0
configure:10433: result: yes
configure:10433: checking for string.h
configure:10433: gcc -c -g -O2  conftest.c >&5
configure:10433: $? = 0
configure:10433: result: yes
configure:10433: checking for memory.h
configure:10433: gcc -c -g -O2  conftest.c >&5
configure:10433: $? = 0
configure:10433: result: yes
configure:10433: checking for strings.h
configure:10433: gcc -c -g -O2  conftest.c >&5
configure:10433: $? = 0
configure:10433: result: yes
configure:10433: checking for inttypes.h
configure:10433: gcc -c -g -O2  conftest.c >&5
configure:10433: $? = 0
configure:10433: result: yes
configure:10433: checking for stdint.h
configure:10433: gcc -c -g -O2  conftest.c >&5
configure:10433: $? = 0
configure:10433: result: yes
configure:10433: checking for unistd.h
configure:10433: gcc -c -g -O2  conftest.c >&5
configure:10433: $? = 0
configure:10433: result: yes
configure:10447: checking for dlfcn.h
configure:10447: gcc -c -g -O2  conftest.c >&5
configure:10447: $? = 0
configure:10447: result: yes
configure:10714: checking for objdir
configure:10729: result: .libs
configure:10989: checking if gcc supports -fno-rtti -fno-exceptions
configure:11007: gcc -c -g -O2  -fno-rtti -fno-exceptions conftest.c >&5
cc1: warning: command line option '-fno-rtti' is valid for C++/ObjC++ but not for C
configure:11011: $? = 0
configure:11024: result: no
configure:11382: checking for gcc option to produce PIC
configure:11389: result: -fPIC -DPIC
configure:11397: checking if gcc PIC flag -fPIC -DPIC works
configure:11415: gcc -c -g -O2  -fPIC -DPIC -DPIC conftest.c >&5
configure:11419: $? = 0
configure:11432: result: yes
configure:11461: checking if gcc static flag -static works
configure:11489: result: yes
configure:11504: checking if gcc supports -c -o file.o
configure:11525: gcc -c -g -O2  -o out/conftest2.o conftest.c >&5
configure:11529: $? = 0
configure:11551: result: yes
configure:11559: checking if gcc supports -c -o file.o
configure:11606: result: yes
configure:11639: checking whether the gcc linker (/usr/bin/ld -m elf_x86_64) supports shared libraries
configure:12902: result: yes
configure:12939: checking whether -lc should be explicitly linked in
configure:12947: gcc -c -g -O2  conftest.c >&5
configure:12950: $? = 0
configure:12965: gcc -shared  -fPIC -DPIC conftest.o  -v -Wl,-soname -Wl,conftest -o conftest 2\>\&1 \| /bin/grep  -lc  \>/dev/null 2\>\&1
configure:12968: $? = 0
configure:12982: result: no
configure:13142: checking dynamic linker characteristics
configure:13723: gcc -o conftest -g -O2   -Wl,-rpath -Wl,/foo conftest.c  >&5
configure:13723: $? = 0
configure:13972: result: GNU/Linux ld.so
configure:14094: checking how to hardcode library paths into programs
configure:14119: result: immediate
configure:14667: checking whether stripping libraries is possible
configure:14672: result: yes
configure:14707: checking if libtool supports shared libraries
configure:14709: result: yes
configure:14712: checking whether to build shared libraries
configure:14737: result: yes
configure:14740: checking whether to build static libraries
configure:14744: result: yes
configure:14767: checking how to run the C++ preprocessor
configure:14794: g++ -E  conftest.cpp
configure:14794: $? = 0
configure:14808: g++ -E  conftest.cpp
conftest.cpp:25:28: fatal error: ac_nonexistent.h: No such file or directory
compilation terminated.
configure:14808: $? = 1
configure: failed program was:
| /* confdefs.h */
| #define PACKAGE_NAME "zookeeper C client"
| #define PACKAGE_TARNAME "zookeeper"
| #define PACKAGE_VERSION "3.4.12"
| #define PACKAGE_STRING "zookeeper C client 3.4.12"
| #define PACKAGE_BUGREPORT "user@zookeeper.apache.org"
| #define PACKAGE_URL ""
| #define PACKAGE "zookeeper"
| #define VERSION "3.4.12"
| #define HAVE_GENERATED_ZOOKEEPER_JUTE_C 1
| #define HAVE_GENERATED_ZOOKEEPER_JUTE_H 1
| #define STDC_HEADERS 1
| #define HAVE_SYS_TYPES_H 1
| #define HAVE_SYS_STAT_H 1
| #define HAVE_STDLIB_H 1
| #define HAVE_STRING_H 1
| #define HAVE_MEMORY_H 1
| #define HAVE_STRINGS_H 1
| #define HAVE_INTTYPES_H 1
| #define HAVE_STDINT_H 1
| #define HAVE_UNISTD_H 1
| #define HAVE_DLFCN_H 1
| #define LT_OBJDIR ".libs/"
| /* end confdefs.h.  */
| #include <ac_nonexistent.h>
configure:14833: result: g++ -E
configure:14853: g++ -E  conftest.cpp
configure:14853: $? = 0
configure:14867: g++ -E  conftest.cpp
conftest.cpp:25:28: fatal error: ac_nonexistent.h: No such file or directory
compilation terminated.
configure:14867: $? = 1
configure: failed program was:
| /* confdefs.h */
| #define PACKAGE_NAME "zookeeper C client"
| #define PACKAGE_TARNAME "zookeeper"
| #define PACKAGE_VERSION "3.4.12"
| #define PACKAGE_STRING "zookeeper C client 3.4.12"
| #define PACKAGE_BUGREPORT "user@zookeeper.apache.org"
| #define PACKAGE_URL ""
| #define PACKAGE "zookeeper"
| #define VERSION "3.4.12"
| #define HAVE_GENERATED_ZOOKEEPER_JUTE_C 1
| #define HAVE_GENERATED_ZOOKEEPER_JUTE_H 1
| #define STDC_HEADERS 1
| #define HAVE_SYS_TYPES_H 1
| #define HAVE_SYS_STAT_H 1
| #define HAVE_STDLIB_H 1
| #define HAVE_STRING_H 1
| #define HAVE_MEMORY_H 1
| #define HAVE_STRINGS_H 1
| #define HAVE_INTTYPES_H 1
| #define HAVE_STDINT_H 1
| #define HAVE_UNISTD_H 1
| #define HAVE_DLFCN_H 1
| #define LT_OBJDIR ".libs/"
| /* end confdefs.h.  */
| #include <ac_nonexistent.h>
configure:15029: checking for ld used by g++
configure:15096: result: /usr/bin/ld -m elf_x86_64
configure:15103: checking if the linker (/usr/bin/ld -m elf_x86_64) is GNU ld
configure:15118: result: yes
configure:15173: checking whether the g++ linker (/usr/bin/ld -m elf_x86_64) supports shared libraries
configure:16246: result: yes
configure:16282: g++ -c -g -O2  conftest.cpp >&5
configure:16285: $? = 0
configure:16766: checking for g++ option to produce PIC
configure:16773: result: -fPIC -DPIC
configure:16781: checking if g++ PIC flag -fPIC -DPIC works
configure:16799: g++ -c -g -O2  -fPIC -DPIC -DPIC conftest.cpp >&5
configure:16803: $? = 0
configure:16816: result: yes
configure:16839: checking if g++ static flag -static works
configure:16867: result: yes
configure:16879: checking if g++ supports -c -o file.o
configure:16900: g++ -c -g -O2  -o out/conftest2.o conftest.cpp >&5
configure:16904: $? = 0
configure:16926: result: yes
configure:16931: checking if g++ supports -c -o file.o
configure:16978: result: yes
configure:17008: checking whether the g++ linker (/usr/bin/ld -m elf_x86_64) supports shared libraries
configure:17051: result: yes
configure:17192: checking dynamic linker characteristics
configure:17949: result: GNU/Linux ld.so
configure:18014: checking how to hardcode library paths into programs
configure:18039: result: immediate
configure:18145: checking for pthread_mutex_lock in -lpthread
configure:18170: gcc -o conftest -g -O2 -D_GNU_SOURCE   conftest.c -lpthread   >&5
configure:18170: $? = 0
configure:18179: result: yes
configure:18194: building with SyncAPI support
configure:18211: checking for ANSI C header files
configure:18315: result: yes
configure:18326: checking arpa/inet.h usability
configure:18326: gcc -c -g -O2 -D_GNU_SOURCE  conftest.c >&5
configure:18326: $? = 0
configure:18326: result: yes
configure:18326: checking arpa/inet.h presence
configure:18326: gcc -E  conftest.c
configure:18326: $? = 0
configure:18326: result: yes
configure:18326: checking for arpa/inet.h
configure:18326: result: yes
configure:18326: checking fcntl.h usability
configure:18326: gcc -c -g -O2 -D_GNU_SOURCE  conftest.c >&5
configure:18326: $? = 0
configure:18326: result: yes
configure:18326: checking fcntl.h presence
configure:18326: gcc -E  conftest.c
configure:18326: $? = 0
configure:18326: result: yes
configure:18326: checking for fcntl.h
configure:18326: result: yes
configure:18326: checking netdb.h usability
configure:18326: gcc -c -g -O2 -D_GNU_SOURCE  conftest.c >&5
configure:18326: $? = 0
configure:18326: result: yes
configure:18326: checking netdb.h presence
configure:18326: gcc -E  conftest.c
configure:18326: $? = 0
configure:18326: result: yes
configure:18326: checking for netdb.h
configure:18326: result: yes
configure:18326: checking netinet/in.h usability
configure:18326: gcc -c -g -O2 -D_GNU_SOURCE  conftest.c >&5
configure:18326: $? = 0
configure:18326: result: yes
configure:18326: checking netinet/in.h presence
configure:18326: gcc -E  conftest.c
configure:18326: $? = 0
configure:18326: result: yes
configure:18326: checking for netinet/in.h
configure:18326: result: yes
configure:18326: checking for stdlib.h
configure:18326: result: yes
configure:18326: checking for string.h
configure:18326: result: yes
configure:18326: checking sys/socket.h usability
configure:18326: gcc -c -g -O2 -D_GNU_SOURCE  conftest.c >&5
configure:18326: $? = 0
configure:18326: result: yes
configure:18326: checking sys/socket.h presence
configure:18326: gcc -E  conftest.c
configure:18326: $? = 0
configure:18326: result: yes
configure:18326: checking for sys/socket.h
configure:18326: result: yes
configure:18326: checking sys/time.h usability
configure:18326: gcc -c -g -O2 -D_GNU_SOURCE  conftest.c >&5
configure:18326: $? = 0
configure:18326: result: yes
configure:18326: checking sys/time.h presence
configure:18326: gcc -E  conftest.c
configure:18326: $? = 0
configure:18326: result: yes
configure:18326: checking for sys/time.h
configure:18326: result: yes
configure:18326: checking for unistd.h
configure:18326: result: yes
configure:18326: checking sys/utsname.h usability
configure:18326: gcc -c -g -O2 -D_GNU_SOURCE  conftest.c >&5
configure:18326: $? = 0
configure:18326: result: yes
configure:18326: checking sys/utsname.h presence
configure:18326: gcc -E  conftest.c
configure:18326: $? = 0
configure:18326: result: yes
configure:18326: checking for sys/utsname.h
configure:18326: result: yes
configure:18338: checking for an ANSI C-conforming const
configure:18404: gcc -c -g -O2 -D_GNU_SOURCE  conftest.c >&5
configure:18404: $? = 0
configure:18411: result: yes
configure:18419: checking for inline
configure:18435: gcc -c -g -O2 -D_GNU_SOURCE  conftest.c >&5
configure:18435: $? = 0
configure:18443: result: inline
configure:18461: checking whether time.h and sys/time.h may both be included
configure:18481: gcc -c -g -O2 -D_GNU_SOURCE  conftest.c >&5
configure:18481: $? = 0
configure:18488: result: yes
configure:18496: checking for nfds_t
configure:18496: gcc -c -g -O2 -D_GNU_SOURCE  conftest.c >&5
configure:18496: $? = 0
configure:18496: gcc -c -g -O2 -D_GNU_SOURCE  conftest.c >&5
conftest.c: In function 'main':
conftest.c:42:21: error: expected expression before ')' token
 if (sizeof ((nfds_t)))
                     ^
configure:18496: $? = 1
configure: failed program was:
| /* confdefs.h */
| #define PACKAGE_NAME "zookeeper C client"
| #define PACKAGE_TARNAME "zookeeper"
| #define PACKAGE_VERSION "3.4.12"
| #define PACKAGE_STRING "zookeeper C client 3.4.12"
| #define PACKAGE_BUGREPORT "user@zookeeper.apache.org"
| #define PACKAGE_URL ""
| #define PACKAGE "zookeeper"
| #define VERSION "3.4.12"
| #define HAVE_GENERATED_ZOOKEEPER_JUTE_C 1
| #define HAVE_GENERATED_ZOOKEEPER_JUTE_H 1
| #define STDC_HEADERS 1
| #define HAVE_SYS_TYPES_H 1
| #define HAVE_SYS_STAT_H 1
| #define HAVE_STDLIB_H 1
| #define HAVE_STRING_H 1
| #define HAVE_MEMORY_H 1
| #define HAVE_STRINGS_H 1
| #define HAVE_INTTYPES_H 1
| #define HAVE_STDINT_H 1
| #define HAVE_UNISTD_H 1
| #define HAVE_DLFCN_H 1
| #define LT_OBJDIR ".libs/"
| #define STDC_HEADERS 1
| #define HAVE_ARPA_INET_H 1
| #define HAVE_FCNTL_H 1
| #define HAVE_NETDB_H 1
| #define HAVE_NETINET_IN_H 1
| #define HAVE_STDLIB_H 1
| #define HAVE_STRING_H 1
| #define HAVE_SYS_SOCKET_H 1
| #define HAVE_SYS_TIME_H 1
| #define HAVE_UNISTD_H 1
| #define HAVE_SYS_UTSNAME_H 1
| #define TIME_WITH_SYS_TIME 1
| /* end confdefs.h.  */
| #include <poll.h>
| 
| int
| main ()
| {
| if (sizeof ((nfds_t)))
| 	    return 0;
|   ;
|   return 0;
| }
configure:18496: result: yes
configure:18509: checking whether to enable ipv6
configure:18531: gcc -o conftest -g -O2 -D_GNU_SOURCE   conftest.c  >&5
conftest.c:41:1: warning: return type defaults to 'int' [-Wimplicit-int]
 main()
 ^
conftest.c: In function 'main':
conftest.c:44:4: warning: implicit declaration of function 'exit' [-Wimplicit-function-declaration]
    exit(1);
    ^
conftest.c:44:4: warning: incompatible implicit declaration of built-in function 'exit'
conftest.c:44:4: note: include '<stdlib.h>' or provide a declaration of 'exit'
conftest.c:46:4: warning: incompatible implicit declaration of built-in function 'exit'
    exit(0);
    ^
conftest.c:46:4: note: include '<stdlib.h>' or provide a declaration of 'exit'
configure:18531: $? = 0
configure:18531: ./conftest
configure:18531: $? = 0
configure:18532: result: yes
configure:18554: checking for getcwd
configure:18554: gcc -o conftest -g -O2 -D_GNU_SOURCE   conftest.c  >&5
configure:18554: $? = 0
configure:18554: result: yes
configure:18554: checking for gethostbyname
configure:18554: gcc -o conftest -g -O2 -D_GNU_SOURCE   conftest.c  >&5
configure:18554: $? = 0
configure:18554: result: yes
configure:18554: checking for gethostname
configure:18554: gcc -o conftest -g -O2 -D_GNU_SOURCE   conftest.c  >&5
configure:18554: $? = 0
configure:18554: result: yes
configure:18554: checking for getlogin
configure:18554: gcc -o conftest -g -O2 -D_GNU_SOURCE   conftest.c  >&5
configure:18554: $? = 0
configure:18554: result: yes
configure:18554: checking for getpwuid_r
configure:18554: gcc -o conftest -g -O2 -D_GNU_SOURCE   conftest.c  >&5
configure:18554: $? = 0
configure:18554: result: yes
configure:18554: checking for gettimeofday
configure:18554: gcc -o conftest -g -O2 -D_GNU_SOURCE   conftest.c  >&5
configure:18554: $? = 0
configure:18554: result: yes
configure:18554: checking for getuid
configure:18554: gcc -o conftest -g -O2 -D_GNU_SOURCE   conftest.c  >&5
configure:18554: $? = 0
configure:18554: result: yes
configure:18554: checking for memmove
configure:18554: gcc -o conftest -g -O2 -D_GNU_SOURCE   conftest.c  >&5
conftest.c:68:6: warning: conflicting types for built-in function 'memmove'
 char memmove ();
      ^
configure:18554: $? = 0
configure:18554: result: yes
configure:18554: checking for memset
configure:18554: gcc -o conftest -g -O2 -D_GNU_SOURCE   conftest.c  >&5
conftest.c:69:6: warning: conflicting types for built-in function 'memset'
 char memset ();
      ^
configure:18554: $? = 0
configure:18554: result: yes
configure:18554: checking for poll
configure:18554: gcc -o conftest -g -O2 -D_GNU_SOURCE   conftest.c  >&5
configure:18554: $? = 0
configure:18554: result: yes
configure:18554: checking for socket
configure:18554: gcc -o conftest -g -O2 -D_GNU_SOURCE   conftest.c  >&5
configure:18554: $? = 0
configure:18554: result: yes
configure:18554: checking for strchr
configure:18554: gcc -o conftest -g -O2 -D_GNU_SOURCE   conftest.c  >&5
conftest.c:72:6: warning: conflicting types for built-in function 'strchr'
 char strchr ();
      ^
configure:18554: $? = 0
configure:18554: result: yes
configure:18554: checking for strdup
configure:18554: gcc -o conftest -g -O2 -D_GNU_SOURCE   conftest.c  >&5
conftest.c:73:6: warning: conflicting types for built-in function 'strdup'
 char strdup ();
      ^
configure:18554: $? = 0
configure:18554: result: yes
configure:18554: checking for strerror
configure:18554: gcc -o conftest -g -O2 -D_GNU_SOURCE   conftest.c  >&5
configure:18554: $? = 0
configure:18554: result: yes
configure:18554: checking for strtol
configure:18554: gcc -o conftest -g -O2 -D_GNU_SOURCE   conftest.c  >&5
configure:18554: $? = 0
configure:18554: result: yes
configure:18780: checking that generated files are newer than configure
configure:18786: result: done
configure:18821: creating ./config.status

## ---------------------- ##
## Running config.status. ##
## ---------------------- ##

This file was extended by zookeeper C client config.status 3.4.12, which was
generated by GNU Autoconf 2.69.  Invocation command line was

  CONFIG_FILES    = 
  CONFIG_HEADERS  = 
  CONFIG_LINKS    = 
  CONFIG_COMMANDS = 
  $ ./config.status 

on yangtao

config.status:1232: creating Makefile
config.status:1232: creating config.h
config.status:1461: executing depfiles commands
config.status:1461: executing libtool commands

## ---------------- ##
## Cache variables. ##
## ---------------- ##

ac_cv_build=x86_64-pc-linux-gnu
ac_cv_c_compiler_gnu=yes
ac_cv_c_const=yes
ac_cv_c_inline=inline
ac_cv_cxx_compiler_gnu=yes
ac_cv_env_CCC_set=
ac_cv_env_CCC_value=
ac_cv_env_CC_set=
ac_cv_env_CC_value=
ac_cv_env_CFLAGS_set=
ac_cv_env_CFLAGS_value=
ac_cv_env_CPPFLAGS_set=
ac_cv_env_CPPFLAGS_value=
ac_cv_env_CPP_set=
ac_cv_env_CPP_value=
ac_cv_env_CXXCPP_set=
ac_cv_env_CXXCPP_value=
ac_cv_env_CXXFLAGS_set=
ac_cv_env_CXXFLAGS_value=
ac_cv_env_CXX_set=
ac_cv_env_CXX_value=
ac_cv_env_DOXYGEN_PAPER_SIZE_set=
ac_cv_env_DOXYGEN_PAPER_SIZE_value=
ac_cv_env_LDFLAGS_set=
ac_cv_env_LDFLAGS_value=
ac_cv_env_LIBS_set=
ac_cv_env_LIBS_value=
ac_cv_env_LT_SYS_LIBRARY_PATH_set=
ac_cv_env_LT_SYS_LIBRARY_PATH_value=
ac_cv_env_build_alias_set=
ac_cv_env_build_alias_value=
ac_cv_env_host_alias_set=
ac_cv_env_host_alias_value=
ac_cv_env_target_alias_set=
ac_cv_env_target_alias_value=
ac_cv_file_generated_zookeeper_jute_c=yes
ac_cv_file_generated_zookeeper_jute_h=yes
ac_cv_func_getcwd=yes
ac_cv_func_gethostbyname=yes
ac_cv_func_gethostname=yes
ac_cv_func_getlogin=yes
ac_cv_func_getpwuid_r=yes
ac_cv_func_gettimeofday=yes
ac_cv_func_getuid=yes
ac_cv_func_memmove=yes
ac_cv_func_memset=yes
ac_cv_func_poll=yes
ac_cv_func_socket=yes
ac_cv_func_strchr=yes
ac_cv_func_strdup=yes
ac_cv_func_strerror=yes
ac_cv_func_strtol=yes
ac_cv_header_arpa_inet_h=yes
ac_cv_header_dlfcn_h=yes
ac_cv_header_fcntl_h=yes
ac_cv_header_inttypes_h=yes
ac_cv_header_memory_h=yes
ac_cv_header_netdb_h=yes
ac_cv_header_netinet_in_h=yes
ac_cv_header_stdc=yes
ac_cv_header_stdint_h=yes
ac_cv_header_stdlib_h=yes
ac_cv_header_string_h=yes
ac_cv_header_strings_h=yes
ac_cv_header_sys_socket_h=yes
ac_cv_header_sys_stat_h=yes
ac_cv_header_sys_time_h=yes
ac_cv_header_sys_types_h=yes
ac_cv_header_sys_utsname_h=yes
ac_cv_header_time=yes
ac_cv_header_unistd_h=yes
ac_cv_host=x86_64-pc-linux-gnu
ac_cv_lib_pthread_pthread_mutex_lock=yes
ac_cv_objext=o
ac_cv_path_CPPUNIT_CONFIG=no
ac_cv_path_EGREP='/bin/grep -E'
ac_cv_path_FGREP='/bin/grep -F'
ac_cv_path_GREP=/bin/grep
ac_cv_path_SED=/bin/sed
ac_cv_path_ac_pt_DX_PERL=/usr/bin/perl
ac_cv_path_install='/usr/bin/install -c'
ac_cv_path_lt_DD=/bin/dd
ac_cv_path_mkdir=/bin/mkdir
ac_cv_prog_AWK=mawk
ac_cv_prog_CPP='gcc -E'
ac_cv_prog_CXXCPP='g++ -E'
ac_cv_prog_ac_ct_AR=ar
ac_cv_prog_ac_ct_CC=gcc
ac_cv_prog_ac_ct_CXX=g++
ac_cv_prog_ac_ct_MANIFEST_TOOL=mt
ac_cv_prog_ac_ct_OBJDUMP=objdump
ac_cv_prog_ac_ct_RANLIB=ranlib
ac_cv_prog_ac_ct_STRIP=strip
ac_cv_prog_cc_c89=
ac_cv_prog_cc_g=yes
ac_cv_prog_cxx_g=yes
ac_cv_prog_make_make_set=yes
ac_cv_type_nfds_t=yes
am_cv_CC_dependencies_compiler_type=gcc3
am_cv_CXX_dependencies_compiler_type=gcc3
am_cv_make_support_nested_variables=yes
am_cv_prog_cc_c_o=yes
lt_cv_ar_at_file=@
lt_cv_archive_cmds_need_lc=no
lt_cv_deplibs_check_method=pass_all
lt_cv_file_magic_cmd='$MAGIC_CMD'
lt_cv_file_magic_test_file=
lt_cv_ld_reload_flag=-r
lt_cv_nm_interface='BSD nm'
lt_cv_objdir=.libs
lt_cv_path_LD=/usr/bin/ld
lt_cv_path_LDCXX='/usr/bin/ld -m elf_x86_64'
lt_cv_path_NM='/usr/bin/nm -B'
lt_cv_path_mainfest_tool=no
lt_cv_prog_compiler_c_o=yes
lt_cv_prog_compiler_c_o_CXX=yes
lt_cv_prog_compiler_pic='-fPIC -DPIC'
lt_cv_prog_compiler_pic_CXX='-fPIC -DPIC'
lt_cv_prog_compiler_pic_works=yes
lt_cv_prog_compiler_pic_works_CXX=yes
lt_cv_prog_compiler_rtti_exceptions=no
lt_cv_prog_compiler_static_works=yes
lt_cv_prog_compiler_static_works_CXX=yes
lt_cv_prog_gnu_ld=yes
lt_cv_prog_gnu_ldcxx=yes
lt_cv_sharedlib_from_linklib_cmd='printf %s\n'
lt_cv_shlibpath_overrides_runpath=no
lt_cv_sys_global_symbol_pipe='sed -n -e '\''s/^.*[	 ]\([ABCDGIRSTW][ABCDGIRSTW]*\)[	 ][	 ]*\([_A-Za-z][_A-Za-z0-9]*\)$/\1 \2 \2/p'\'' | sed '\''/ __gnu_lto/d'\'''
lt_cv_sys_global_symbol_to_c_name_address='sed -n -e '\''s/^: \(.*\) .*$/  {"\1", (void *) 0},/p'\'' -e '\''s/^[ABCDGIRSTW][ABCDGIRSTW]* .* \(.*\)$/  {"\1", (void *) \&\1},/p'\'''
lt_cv_sys_global_symbol_to_c_name_address_lib_prefix='sed -n -e '\''s/^: \(.*\) .*$/  {"\1", (void *) 0},/p'\'' -e '\''s/^[ABCDGIRSTW][ABCDGIRSTW]* .* \(lib.*\)$/  {"\1", (void *) \&\1},/p'\'' -e '\''s/^[ABCDGIRSTW][ABCDGIRSTW]* .* \(.*\)$/  {"lib\1", (void *) \&\1},/p'\'''
lt_cv_sys_global_symbol_to_cdecl='sed -n -e '\''s/^T .* \(.*\)$/extern int \1();/p'\'' -e '\''s/^[ABCDGIRSTW][ABCDGIRSTW]* .* \(.*\)$/extern char \1;/p'\'''
lt_cv_sys_global_symbol_to_import=
lt_cv_sys_max_cmd_len=1572864
lt_cv_to_host_file_cmd=func_convert_file_noop
lt_cv_to_tool_file_cmd=func_convert_file_noop
lt_cv_truncate_bin='/bin/dd bs=4096 count=1'

## ----------------- ##
## Output variables. ##
## ----------------- ##

ACLOCAL='${SHELL} /home/yangtao/下载/zookeeper-3.4.12/src/c/missing aclocal-1.15'
AMDEPBACKSLASH='\'
AMDEP_FALSE='#'
AMDEP_TRUE=''
AMTAR='$${TAR-tar}'
AM_BACKSLASH='\'
AM_DEFAULT_V='$(AM_DEFAULT_VERBOSITY)'
AM_DEFAULT_VERBOSITY='1'
AM_V='$(V)'
AR='ar'
AUTOCONF='${SHELL} /home/yangtao/下载/zookeeper-3.4.12/src/c/missing autoconf'
AUTOHEADER='${SHELL} /home/yangtao/下载/zookeeper-3.4.12/src/c/missing autoheader'
AUTOMAKE='${SHELL} /home/yangtao/下载/zookeeper-3.4.12/src/c/missing automake-1.15'
AWK='mawk'
CC='gcc'
CCDEPMODE='depmode=gcc3'
CFLAGS='-g -O2 -D_GNU_SOURCE'
CPP='gcc -E'
CPPFLAGS=''
CPPUNIT_CFLAGS=' -DZKSERVER_CMD="\"./tests/zkServer.sh\""'
CPPUNIT_CONFIG='no'
CPPUNIT_LIBS=''
CXX='g++'
CXXCPP='g++ -E'
CXXDEPMODE='depmode=gcc3'
CXXFLAGS='-g -O2'
CYGPATH_W='echo'
DEFS='-DHAVE_CONFIG_H'
DEPDIR='.deps'
DLLTOOL='false'
DOXYGEN_PAPER_SIZE=''
DSYMUTIL=''
DUMPBIN=''
DX_COND_chi_FALSE=''
DX_COND_chi_TRUE='#'
DX_COND_chm_FALSE=''
DX_COND_chm_TRUE='#'
DX_COND_doc_FALSE='#'
DX_COND_doc_TRUE=''
DX_COND_dot_FALSE='#'
DX_COND_dot_TRUE=''
DX_COND_html_FALSE='#'
DX_COND_html_TRUE=''
DX_COND_latex_FALSE=''
DX_COND_latex_TRUE='#'
DX_COND_man_FALSE=''
DX_COND_man_TRUE='#'
DX_COND_pdf_FALSE=''
DX_COND_pdf_TRUE='#'
DX_COND_ps_FALSE=''
DX_COND_ps_TRUE='#'
DX_COND_rtf_FALSE=''
DX_COND_rtf_TRUE='#'
DX_COND_xml_FALSE=''
DX_COND_xml_TRUE='#'
DX_CONFIG='c-doc.Doxyfile'
DX_DOCDIR='docs'
DX_DOT=''
DX_DOXYGEN=''
DX_DVIPS=''
DX_EGREP=''
DX_ENV=' SRCDIR='\''.'\'' PROJECT='\''zookeeper'\'' DOCDIR='\''docs'\'' VERSION='\''3.4.12'\'' PERL_PATH='\''/usr/bin/perl'\'' HAVE_DOT='\''YES'\'' DOT_PATH='\''.'\'' GENERATE_MAN='\''NO'\'' GENERATE_RTF='\''NO'\'' GENERATE_XML='\''NO'\'' GENERATE_HTMLHELP='\''NO'\'' GENERATE_CHI='\''NO'\'' GENERATE_HTML='\''YES'\'' GENERATE_LATEX='\''NO'\'''
DX_FLAG_chi='0'
DX_FLAG_chm='0'
DX_FLAG_doc='1'
DX_FLAG_dot='1'
DX_FLAG_html='1'
DX_FLAG_man='0'
DX_FLAG_pdf='0'
DX_FLAG_ps='0'
DX_FLAG_rtf='0'
DX_FLAG_xml='0'
DX_HHC=''
DX_LATEX=''
DX_MAKEINDEX=''
DX_PDFLATEX=''
DX_PERL='/usr/bin/perl'
DX_PROJECT='zookeeper'
ECHO_C=''
ECHO_N='-n'
ECHO_T=''
EGREP='/bin/grep -E'
EXEEXT=''
FGREP='/bin/grep -F'
GREP='/bin/grep'
INSTALL_DATA='${INSTALL} -m 644'
INSTALL_PROGRAM='${INSTALL}'
INSTALL_SCRIPT='${INSTALL}'
INSTALL_STRIP_PROGRAM='$(install_sh) -c -s'
LD='/usr/bin/ld -m elf_x86_64'
LDFLAGS=''
LIBOBJS=''
LIBS=''
LIBTOOL='$(SHELL) $(top_builddir)/libtool'
LIPO=''
LN_S='ln -s'
LTLIBOBJS=''
LT_SYS_LIBRARY_PATH=''
MAKEINFO='${SHELL} /home/yangtao/下载/zookeeper-3.4.12/src/c/missing makeinfo'
MANIFEST_TOOL=':'
MKDIR_P='/bin/mkdir -p'
NM='/usr/bin/nm -B'
NMEDIT=''
OBJDUMP='objdump'
OBJEXT='o'
OTOOL64=''
OTOOL=''
PACKAGE='zookeeper'
PACKAGE_BUGREPORT='user@zookeeper.apache.org'
PACKAGE_NAME='zookeeper C client'
PACKAGE_STRING='zookeeper C client 3.4.12'
PACKAGE_TARNAME='zookeeper'
PACKAGE_URL=''
PACKAGE_VERSION='3.4.12'
PATH_SEPARATOR=':'
RANLIB='ranlib'
SED='/bin/sed'
SET_MAKE=''
SHELL='/bin/bash'
SOLARIS_FALSE=''
SOLARIS_TRUE='#'
STRIP='strip'
USEIPV6='-DZOO_IPV6_ENABLED'
VERSION='3.4.12'
WANT_SYNCAPI_FALSE='#'
WANT_SYNCAPI_TRUE=''
ac_ct_AR='ar'
ac_ct_CC='gcc'
ac_ct_CXX='g++'
ac_ct_DUMPBIN=''
am__EXEEXT_FALSE=''
am__EXEEXT_TRUE='#'
am__fastdepCC_FALSE='#'
am__fastdepCC_TRUE=''
am__fastdepCXX_FALSE='#'
am__fastdepCXX_TRUE=''
am__include='include'
am__isrc=''
am__leading_dot='.'
am__nodep='_no'
am__quote=''
am__tar='$${TAR-tar} chof - "$$tardir"'
am__untar='$${TAR-tar} xf -'
bindir='${exec_prefix}/bin'
build='x86_64-pc-linux-gnu'
build_alias=''
build_cpu='x86_64'
build_os='linux-gnu'
build_vendor='pc'
datadir='${datarootdir}'
datarootdir='${prefix}/share'
docdir='${datarootdir}/doc/${PACKAGE_TARNAME}'
dvidir='${docdir}'
exec_prefix='${prefix}'
host='x86_64-pc-linux-gnu'
host_alias=''
host_cpu='x86_64'
host_os='linux-gnu'
host_vendor='pc'
htmldir='${docdir}'
includedir='${prefix}/include'
infodir='${datarootdir}/info'
install_sh='${SHELL} /home/yangtao/下载/zookeeper-3.4.12/src/c/install-sh'
libdir='${exec_prefix}/lib'
libexecdir='${exec_prefix}/libexec'
localedir='${datarootdir}/locale'
localstatedir='${prefix}/var'
mandir='${datarootdir}/man'
mkdir_p='$(MKDIR_P)'
oldincludedir='/usr/include'
pdfdir='${docdir}'
prefix='/usr/local'
program_transform_name='s,x,x,'
psdir='${docdir}'
runstatedir='${localstatedir}/run'
sbindir='${exec_prefix}/sbin'
sharedstatedir='${prefix}/com'
sysconfdir='${prefix}/etc'
target_alias=''

## ----------- ##
## confdefs.h. ##
## ----------- ##

/* confdefs.h */
#define PACKAGE_NAME "zookeeper C client"
#define PACKAGE_TARNAME "zookeeper"
#define PACKAGE_VERSION "3.4.12"
#define PACKAGE_STRING "zookeeper C client 3.4.12"
#define PACKAGE_BUGREPORT "user@zookeeper.apache.org"
#define PACKAGE_URL ""
#define PACKAGE "zookeeper"
#define VERSION "3.4.12"
#define HAVE_GENERATED_ZOOKEEPER_JUTE_C 1
#define HAVE_GENERATED_ZOOKEEPER_JUTE_H 1
#define STDC_HEADERS 1
#define HAVE_SYS_TYPES_H 1
#define HAVE_SYS_STAT_H 1
#define HAVE_STDLIB_H 1
#define HAVE_STRING_H 1
#define HAVE_MEMORY_H 1
#define HAVE_STRINGS_H 1
#define HAVE_INTTYPES_H 1
#define HAVE_STDINT_H 1
#define HAVE_UNISTD_H 1
#define HAVE_DLFCN_H 1
#define LT_OBJDIR ".libs/"
#define STDC_HEADERS 1
#define HAVE_ARPA_INET_H 1
#define HAVE_FCNTL_H 1
#define HAVE_NETDB_H 1
#define HAVE_NETINET_IN_H 1
#define HAVE_STDLIB_H 1
#define HAVE_STRING_H 1
#define HAVE_SYS_SOCKET_H 1
#define HAVE_SYS_TIME_H 1
#define HAVE_UNISTD_H 1
#define HAVE_SYS_UTSNAME_H 1
#define TIME_WITH_SYS_TIME 1
#define POLL_NFDS_TYPE nfds_t
#define HAVE_GETCWD 1
#define HAVE_GETHOSTBYNAME 1
#define HAVE_GETHOSTNAME 1
#define HAVE_GETLOGIN 1
#define HAVE_GETPWUID_R 1
#define HAVE_GETTIMEOFDAY 1
#define HAVE_GETUID 1
#define HAVE_MEMMOVE 1
#define HAVE_MEMSET 1
#define HAVE_POLL 1
#define HAVE_SOCKET 1
#define HAVE_STRCHR 1
#define HAVE_STRDUP 1
#define HAVE_STRERROR 1
#define HAVE_STRTOL 1

configure: exit 0
